빌드 시작: 2013-12-27 오후 3:30:06
     1>2 노드의 "E:\Works\demo\LocationEstimator v2\VC_Project\LocationEstimator.vcxproj" 프로젝트(rebuild 대상)입니다.
     1>InitializeBuildStatus:
         "AlwaysCreate"이(가) 지정되었기 때문에 "Debug\LocationEstimator.unsuccessfulbuild"을(를) 만들고 있습니다.
       ClCompile:
         C:\Program Files (x86)\Microsoft Visual Studio 10.0\VC\bin\CL.exe /c /ZI /nologo /W3 /WX- /Od /Oy- /D _CRT_SECURE_NO_WARNINGS /D _MBCS /Gm /EHsc /RTC1 /MDd /GS /fp:precise /Zc:wchar_t /Zc:forScope /Fo"Debug\\" /Fd"Debug\vc100.pdb" /Gd /TP /analyze- /errorReport:prompt ..\base\Beacon.cpp ..\base\Plane.cpp ..\base\Vector.cpp ..\estimator\BeaconList.cpp ..\estimator\Estimator.cpp ..\estimator\Measurement.cpp ..\estimator\PlaneList.cpp ..\estimator\Solver.cpp ..\kalmanfilter\FilterManager.cpp ..\kalmanfilter\KalmanFilter.cpp ..\kalmanfilter\KFTracker.cpp ..\test\BeaconInfo.cpp ..\test\EstimatorTest.cpp
         EstimatorTest.cpp
         BeaconInfo.cpp
         KFTracker.cpp
         KalmanFilter.cpp
         FilterManager.cpp
         Solver.cpp
         PlaneList.cpp
         Measurement.cpp
         Estimator.cpp
         BeaconList.cpp
         Vector.cpp
         Plane.cpp
         Beacon.cpp
         코드를 생성하고 있습니다...
       Link:
         C:\Program Files (x86)\Microsoft Visual Studio 10.0\VC\bin\link.exe /ERRORREPORT:PROMPT /OUT:"E:\Works\demo\LocationEstimator v2\VC_Project\Debug\LocationEstimator.exe" /NOLOGO libgsl_d.lib libgslcblas_d.lib kernel32.lib user32.lib gdi32.lib winspool.lib comdlg32.lib advapi32.lib shell32.lib ole32.lib oleaut32.lib uuid.lib odbc32.lib odbccp32.lib /NODEFAULTLIB:LIBCMTD /MANIFEST /ManifestFile:"Debug\LocationEstimator.exe.intermediate.manifest" /MANIFESTUAC:"level='asInvoker' uiAccess='false'" /DEBUG /PDB:"E:\Works\demo\LocationEstimator v2\VC_Project\Debug\LocationEstimator.pdb" /TLBID:1 /DYNAMICBASE /NXCOMPAT /IMPLIB:"E:\Works\demo\LocationEstimator v2\VC_Project\Debug\LocationEstimator.lib" /MACHINE:X86 Debug\Beacon.obj
         Debug\Plane.obj
         Debug\Vector.obj
         Debug\BeaconList.obj
         Debug\Estimator.obj
         Debug\Measurement.obj
         Debug\PlaneList.obj
         Debug\Solver.obj
         Debug\FilterManager.obj
         Debug\KalmanFilter.obj
         Debug\KFTracker.obj
         Debug\BeaconInfo.obj
         Debug\EstimatorTest.obj
         LocationEstimator.vcxproj -> E:\Works\demo\LocationEstimator v2\VC_Project\Debug\LocationEstimator.exe
       Manifest:
         C:\Program Files (x86)\Microsoft SDKs\Windows\v7.0A\bin\mt.exe /nologo /verbose /outputresource:"E:\Works\demo\LocationEstimator v2\VC_Project\Debug\LocationEstimator.exe;#1" /manifest Debug\LocationEstimator.exe.intermediate.manifest
       FinalizeBuildStatus:
         "Debug\LocationEstimator.unsuccessfulbuild" 파일을 삭제하고 있습니다.
         "Debug\LocationEstimator.lastbuildstate"에 연결(touching)하고 있습니다.
     1>"E:\Works\demo\LocationEstimator v2\VC_Project\LocationEstimator.vcxproj" 프로젝트를 빌드했습니다(rebuild 대상).

빌드했습니다.

경과 시간: 00:00:03.72
