빌드 시작: 2013-12-27 오후 3:30:14
     1>2 노드의 "E:\Works\demo\LocationEstimator v2\VC_Project\LocationEstimator.vcxproj" 프로젝트(rebuild 대상)입니다.
     1>InitializeBuildStatus:
         "AlwaysCreate"이(가) 지정되었기 때문에 "Release\LocationEstimator.unsuccessfulbuild"을(를) 만들고 있습니다.
       ClCompile:
         C:\Program Files (x86)\Microsoft Visual Studio 10.0\VC\bin\CL.exe /c /Zi /nologo /W3 /WX- /O2 /Oi /Oy- /GL /D _CRT_SECURE_NO_WARNINGS /D _MBCS /Gm- /EHsc /MD /GS /Gy /fp:precise /Zc:wchar_t /Zc:forScope /Fo"Release\\" /Fd"Release\vc100.pdb" /Gd /TP /analyze- /errorReport:prompt ..\base\Beacon.cpp ..\base\Plane.cpp ..\base\Vector.cpp ..\estimator\BeaconList.cpp ..\estimator\Estimator.cpp ..\estimator\Measurement.cpp ..\estimator\PlaneList.cpp ..\estimator\Solver.cpp ..\kalmanfilter\FilterManager.cpp ..\kalmanfilter\KalmanFilter.cpp ..\kalmanfilter\KFTracker.cpp ..\test\BeaconInfo.cpp ..\test\EstimatorTest.cpp
         Beacon.cpp
         Plane.cpp
         Vector.cpp
         BeaconList.cpp
         Estimator.cpp
         Measurement.cpp
         PlaneList.cpp
         Solver.cpp
         FilterManager.cpp
         KalmanFilter.cpp
         KFTracker.cpp
         BeaconInfo.cpp
         EstimatorTest.cpp
       Link:
         C:\Program Files (x86)\Microsoft Visual Studio 10.0\VC\bin\link.exe /ERRORREPORT:PROMPT /OUT:"E:\Works\demo\LocationEstimator v2\VC_Project\Release\LocationEstimator.exe" /NOLOGO libgsl.lib libgslcblas.lib kernel32.lib user32.lib gdi32.lib winspool.lib comdlg32.lib advapi32.lib shell32.lib ole32.lib oleaut32.lib uuid.lib odbc32.lib odbccp32.lib /NODEFAULTLIB:LIBCMT /MANIFEST /ManifestFile:"Release\LocationEstimator.exe.intermediate.manifest" /MANIFESTUAC:"level='asInvoker' uiAccess='false'" /DEBUG /PDB:"E:\Works\demo\LocationEstimator v2\VC_Project\Release\LocationEstimator.pdb" /OPT:REF /OPT:ICF /LTCG /TLBID:1 /DYNAMICBASE /NXCOMPAT /IMPLIB:"E:\Works\demo\LocationEstimator v2\VC_Project\Release\LocationEstimator.lib" /MACHINE:X86 Release\Beacon.obj
         Release\Plane.obj
         Release\Vector.obj
         Release\BeaconList.obj
         Release\Estimator.obj
         Release\Measurement.obj
         Release\PlaneList.obj
         Release\Solver.obj
         Release\FilterManager.obj
         Release\KalmanFilter.obj
         Release\KFTracker.obj
         Release\BeaconInfo.obj
         Release\EstimatorTest.obj
         코드를 생성하고 있습니다.
         코드를 생성했습니다.
         LocationEstimator.vcxproj -> E:\Works\demo\LocationEstimator v2\VC_Project\Release\LocationEstimator.exe
       Manifest:
         C:\Program Files (x86)\Microsoft SDKs\Windows\v7.0A\bin\mt.exe /nologo /verbose /outputresource:"E:\Works\demo\LocationEstimator v2\VC_Project\Release\LocationEstimator.exe;#1" /manifest Release\LocationEstimator.exe.intermediate.manifest
       FinalizeBuildStatus:
         "Release\LocationEstimator.unsuccessfulbuild" 파일을 삭제하고 있습니다.
         "Release\LocationEstimator.lastbuildstate"에 연결(touching)하고 있습니다.
     1>"E:\Works\demo\LocationEstimator v2\VC_Project\LocationEstimator.vcxproj" 프로젝트를 빌드했습니다(rebuild 대상).

빌드했습니다.

경과 시간: 00:00:03.05
